{"/Users/ilmans/Documents/Learning/Expert Backend (dicoding)/Clean-arthitecture/src/Applications/security/AuthTokenManager.js": {"path":"/Users/ilmans/Documents/Learning/Expert Backend (dicoding)/Clean-arthitecture/src/Applications/security/AuthTokenManager.js","statementMap":{"0":{"start":{"line":3,"column":4},"end":{"line":3,"column":65}},"1":{"start":{"line":7,"column":4},"end":{"line":7,"column":65}},"2":{"start":{"line":11,"column":4},"end":{"line":11,"column":65}},"3":{"start":{"line":15,"column":0},"end":{"line":15,"column":34}}},"fnMap":{"0":{"name":"(anonymous_0)","decl":{"start":{"line":2,"column":2},"end":{"line":2,"column":3}},"loc":{"start":{"line":2,"column":22},"end":{"line":4,"column":3}},"line":2},"1":{"name":"(anonymous_1)","decl":{"start":{"line":6,"column":2},"end":{"line":6,"column":3}},"loc":{"start":{"line":6,"column":23},"end":{"line":8,"column":3}},"line":6},"2":{"name":"(anonymous_2)","decl":{"start":{"line":10,"column":2},"end":{"line":10,"column":3}},"loc":{"start":{"line":10,"column":18},"end":{"line":12,"column":3}},"line":10}},"branchMap":{},"s":{"0":1,"1":1,"2":1,"3":4},"f":{"0":1,"1":1,"2":1},"b":{},"_coverageSchema":"1a1c01bbd47fc00a2c39e90264f33305004495a9","hash":"9d096c3db3130d73f62271f9bb37f8d42948f3b9"}
,"/Users/ilmans/Documents/Learning/Expert Backend (dicoding)/Clean-arthitecture/src/Applications/security/PasswordHash.js": {"path":"/Users/ilmans/Documents/Learning/Expert Backend (dicoding)/Clean-arthitecture/src/Applications/security/PasswordHash.js","statementMap":{"0":{"start":{"line":3,"column":4},"end":{"line":3,"column":60}},"1":{"start":{"line":7,"column":4},"end":{"line":7,"column":60}},"2":{"start":{"line":11,"column":0},"end":{"line":11,"column":30}}},"fnMap":{"0":{"name":"(anonymous_0)","decl":{"start":{"line":2,"column":2},"end":{"line":2,"column":3}},"loc":{"start":{"line":2,"column":23},"end":{"line":4,"column":3}},"line":2},"1":{"name":"(anonymous_1)","decl":{"start":{"line":6,"column":2},"end":{"line":6,"column":3}},"loc":{"start":{"line":6,"column":42},"end":{"line":8,"column":3}},"line":6}},"branchMap":{},"s":{"0":1,"1":0,"2":5},"f":{"0":1,"1":0},"b":{},"_coverageSchema":"1a1c01bbd47fc00a2c39e90264f33305004495a9","hash":"503c63018c73165c53df353c479f75c5fd4bfe3f"}
,"/Users/ilmans/Documents/Learning/Expert Backend (dicoding)/Clean-arthitecture/src/Applications/use_case/AddUserUseCase.js": {"path":"/Users/ilmans/Documents/Learning/Expert Backend (dicoding)/Clean-arthitecture/src/Applications/use_case/AddUserUseCase.js","statementMap":{"0":{"start":{"line":1,"column":21},"end":{"line":1,"column":73}},"1":{"start":{"line":5,"column":4},"end":{"line":5,"column":42}},"2":{"start":{"line":6,"column":4},"end":{"line":6,"column":38}},"3":{"start":{"line":10,"column":25},"end":{"line":10,"column":57}},"4":{"start":{"line":11,"column":4},"end":{"line":11,"column":78}},"5":{"start":{"line":12,"column":27},"end":{"line":12,"column":79}},"6":{"start":{"line":13,"column":4},"end":{"line":13,"column":43}},"7":{"start":{"line":14,"column":4},"end":{"line":14,"column":54}},"8":{"start":{"line":18,"column":0},"end":{"line":18,"column":32}}},"fnMap":{"0":{"name":"(anonymous_0)","decl":{"start":{"line":4,"column":2},"end":{"line":4,"column":3}},"loc":{"start":{"line":4,"column":48},"end":{"line":7,"column":3}},"line":4},"1":{"name":"(anonymous_1)","decl":{"start":{"line":9,"column":2},"end":{"line":9,"column":3}},"loc":{"start":{"line":9,"column":32},"end":{"line":15,"column":3}},"line":9}},"branchMap":{},"s":{"0":2,"1":1,"2":1,"3":1,"4":1,"5":1,"6":1,"7":1,"8":2},"f":{"0":1,"1":1},"b":{},"_coverageSchema":"1a1c01bbd47fc00a2c39e90264f33305004495a9","hash":"293ca33b7256b8835e9eafc234b79b3caa23188f"}
,"/Users/ilmans/Documents/Learning/Expert Backend (dicoding)/Clean-arthitecture/src/Applications/use_case/AuthUseCase.js": {"path":"/Users/ilmans/Documents/Learning/Expert Backend (dicoding)/Clean-arthitecture/src/Applications/use_case/AuthUseCase.js","statementMap":{"0":{"start":{"line":1,"column":23},"end":{"line":1,"column":73}},"1":{"start":{"line":2,"column":18},"end":{"line":2,"column":67}},"2":{"start":{"line":11,"column":4},"end":{"line":11,"column":42}},"3":{"start":{"line":12,"column":4},"end":{"line":12,"column":42}},"4":{"start":{"line":13,"column":4},"end":{"line":13,"column":41}},"5":{"start":{"line":14,"column":4},"end":{"line":14,"column":38}},"6":{"start":{"line":19,"column":35},"end":{"line":19,"column":55}},"7":{"start":{"line":20,"column":17},"end":{"line":20,"column":71}},"8":{"start":{"line":21,"column":4},"end":{"line":21,"column":62}},"9":{"start":{"line":23,"column":20},"end":{"line":23,"column":45}},"10":{"start":{"line":24,"column":24},"end":{"line":24,"column":74}},"11":{"start":{"line":25,"column":25},"end":{"line":25,"column":76}},"12":{"start":{"line":27,"column":4},"end":{"line":27,"column":54}},"13":{"start":{"line":28,"column":4},"end":{"line":28,"column":41}},"14":{"start":{"line":33,"column":4},"end":{"line":33,"column":47}},"15":{"start":{"line":34,"column":29},"end":{"line":34,"column":36}},"16":{"start":{"line":36,"column":4},"end":{"line":36,"column":61}},"17":{"start":{"line":37,"column":29},"end":{"line":39,"column":5}},"18":{"start":{"line":41,"column":4},"end":{"line":41,"column":65}},"19":{"start":{"line":46,"column":4},"end":{"line":46,"column":47}},"20":{"start":{"line":47,"column":29},"end":{"line":47,"column":36}},"21":{"start":{"line":48,"column":4},"end":{"line":48,"column":61}},"22":{"start":{"line":49,"column":4},"end":{"line":49,"column":57}},"23":{"start":{"line":50,"column":4},"end":{"line":50,"column":11}},"24":{"start":{"line":55,"column":29},"end":{"line":55,"column":36}},"25":{"start":{"line":56,"column":4},"end":{"line":60,"column":5}},"26":{"start":{"line":57,"column":6},"end":{"line":59,"column":8}},"27":{"start":{"line":62,"column":4},"end":{"line":66,"column":5}},"28":{"start":{"line":63,"column":6},"end":{"line":65,"column":8}},"29":{"start":{"line":70,"column":0},"end":{"line":70,"column":29}}},"fnMap":{"0":{"name":"(anonymous_0)","decl":{"start":{"line":5,"column":2},"end":{"line":5,"column":3}},"loc":{"start":{"line":10,"column":5},"end":{"line":15,"column":3}},"line":10},"1":{"name":"(anonymous_1)","decl":{"start":{"line":18,"column":2},"end":{"line":18,"column":3}},"loc":{"start":{"line":18,"column":23},"end":{"line":29,"column":3}},"line":18},"2":{"name":"(anonymous_2)","decl":{"start":{"line":32,"column":2},"end":{"line":32,"column":3}},"loc":{"start":{"line":32,"column":35},"end":{"line":42,"column":3}},"line":32},"3":{"name":"(anonymous_3)","decl":{"start":{"line":45,"column":2},"end":{"line":45,"column":3}},"loc":{"start":{"line":45,"column":24},"end":{"line":51,"column":3}},"line":45},"4":{"name":"(anonymous_4)","decl":{"start":{"line":54,"column":2},"end":{"line":54,"column":3}},"loc":{"start":{"line":54,"column":40},"end":{"line":67,"column":3}},"line":54}},"branchMap":{"0":{"loc":{"start":{"line":56,"column":4},"end":{"line":60,"column":5}},"type":"if","locations":[{"start":{"line":56,"column":4},"end":{"line":60,"column":5}},{"start":{},"end":{}}],"line":56},"1":{"loc":{"start":{"line":62,"column":4},"end":{"line":66,"column":5}},"type":"if","locations":[{"start":{"line":62,"column":4},"end":{"line":66,"column":5}},{"start":{},"end":{}}],"line":62}},"s":{"0":2,"1":2,"2":5,"3":5,"4":5,"5":5,"6":1,"7":1,"8":1,"9":1,"10":1,"11":1,"12":1,"13":1,"14":2,"15":2,"16":2,"17":1,"18":1,"19":2,"20":2,"21":2,"22":1,"23":1,"24":4,"25":4,"26":0,"27":4,"28":0,"29":2},"f":{"0":5,"1":1,"2":2,"3":2,"4":4},"b":{"0":[0,4],"1":[0,4]},"_coverageSchema":"1a1c01bbd47fc00a2c39e90264f33305004495a9","hash":"40a7e73d4697607b6c36a8874bec76c14bb3934e"}
,"/Users/ilmans/Documents/Learning/Expert Backend (dicoding)/Clean-arthitecture/src/Applications/use_case/ThreadUseCase.js": {"path":"/Users/ilmans/Documents/Learning/Expert Backend (dicoding)/Clean-arthitecture/src/Applications/use_case/ThreadUseCase.js","statementMap":{"0":{"start":{"line":1,"column":18},"end":{"line":1,"column":69}},"1":{"start":{"line":5,"column":4},"end":{"line":5,"column":46}},"2":{"start":{"line":9,"column":28},"end":{"line":9,"column":52}},"3":{"start":{"line":10,"column":4},"end":{"line":10,"column":69}},"4":{"start":{"line":14,"column":0},"end":{"line":14,"column":31}}},"fnMap":{"0":{"name":"(anonymous_0)","decl":{"start":{"line":4,"column":2},"end":{"line":4,"column":3}},"loc":{"start":{"line":4,"column":36},"end":{"line":6,"column":3}},"line":4},"1":{"name":"(anonymous_1)","decl":{"start":{"line":8,"column":2},"end":{"line":8,"column":3}},"loc":{"start":{"line":8,"column":37},"end":{"line":11,"column":3}},"line":8}},"branchMap":{},"s":{"0":1,"1":1,"2":1,"3":1,"4":1},"f":{"0":1,"1":1},"b":{},"_coverageSchema":"1a1c01bbd47fc00a2c39e90264f33305004495a9","hash":"a02e2ca35c726b34e719989067cf47720f2f25a6"}
,"/Users/ilmans/Documents/Learning/Expert Backend (dicoding)/Clean-arthitecture/src/Commons/config.js": {"path":"/Users/ilmans/Documents/Learning/Expert Backend (dicoding)/Clean-arthitecture/src/Commons/config.js","statementMap":{"0":{"start":{"line":1,"column":15},"end":{"line":1,"column":32}},"1":{"start":{"line":2,"column":13},"end":{"line":2,"column":28}},"2":{"start":{"line":4,"column":0},"end":{"line":8,"column":1}},"3":{"start":{"line":5,"column":2},"end":{"line":5,"column":68}},"4":{"start":{"line":7,"column":2},"end":{"line":7,"column":18}},"5":{"start":{"line":10,"column":15},"end":{"line":24,"column":1}},"6":{"start":{"line":26,"column":0},"end":{"line":26,"column":24}}},"fnMap":{},"branchMap":{"0":{"loc":{"start":{"line":4,"column":0},"end":{"line":8,"column":1}},"type":"if","locations":[{"start":{"line":4,"column":0},"end":{"line":8,"column":1}},{"start":{"line":6,"column":7},"end":{"line":8,"column":1}}],"line":4},"1":{"loc":{"start":{"line":20,"column":10},"end":{"line":20,"column":73}},"type":"cond-expr","locations":[{"start":{"line":20,"column":50},"end":{"line":20,"column":61}},{"start":{"line":20,"column":64},"end":{"line":20,"column":73}}],"line":20},"2":{"loc":{"start":{"line":22,"column":11},"end":{"line":22,"column":79}},"type":"cond-expr","locations":[{"start":{"line":22,"column":52},"end":{"line":22,"column":74}},{"start":{"line":22,"column":77},"end":{"line":22,"column":79}}],"line":22}},"s":{"0":4,"1":4,"2":4,"3":4,"4":0,"5":4,"6":4},"f":{},"b":{"0":[4,0],"1":[4,0],"2":[0,4]},"_coverageSchema":"1a1c01bbd47fc00a2c39e90264f33305004495a9","hash":"59ce9d8fafec3043c1702642196126457bc8105d"}
,"/Users/ilmans/Documents/Learning/Expert Backend (dicoding)/Clean-arthitecture/src/Commons/exceptions/AuthenticationError.js": {"path":"/Users/ilmans/Documents/Learning/Expert Backend (dicoding)/Clean-arthitecture/src/Commons/exceptions/AuthenticationError.js","statementMap":{"0":{"start":{"line":1,"column":20},"end":{"line":1,"column":44}},"1":{"start":{"line":5,"column":4},"end":{"line":5,"column":24}},"2":{"start":{"line":6,"column":4},"end":{"line":6,"column":38}},"3":{"start":{"line":10,"column":0},"end":{"line":10,"column":37}}},"fnMap":{"0":{"name":"(anonymous_0)","decl":{"start":{"line":4,"column":2},"end":{"line":4,"column":3}},"loc":{"start":{"line":4,"column":23},"end":{"line":7,"column":3}},"line":4}},"branchMap":{},"s":{"0":3,"1":1,"2":1,"3":3},"f":{"0":1},"b":{},"_coverageSchema":"1a1c01bbd47fc00a2c39e90264f33305004495a9","hash":"93c40ba40b46c1acccb789d2aa5eba1029016a99"}
,"/Users/ilmans/Documents/Learning/Expert Backend (dicoding)/Clean-arthitecture/src/Commons/exceptions/ClientError.js": {"path":"/Users/ilmans/Documents/Learning/Expert Backend (dicoding)/Clean-arthitecture/src/Commons/exceptions/ClientError.js","statementMap":{"0":{"start":{"line":3,"column":4},"end":{"line":3,"column":19}},"1":{"start":{"line":5,"column":4},"end":{"line":7,"column":5}},"2":{"start":{"line":6,"column":6},"end":{"line":6,"column":59}},"3":{"start":{"line":9,"column":4},"end":{"line":9,"column":33}},"4":{"start":{"line":10,"column":4},"end":{"line":10,"column":30}},"5":{"start":{"line":14,"column":0},"end":{"line":14,"column":29}}},"fnMap":{"0":{"name":"(anonymous_0)","decl":{"start":{"line":2,"column":2},"end":{"line":2,"column":3}},"loc":{"start":{"line":2,"column":41},"end":{"line":11,"column":3}},"line":2}},"branchMap":{"0":{"loc":{"start":{"line":2,"column":23},"end":{"line":2,"column":39}},"type":"default-arg","locations":[{"start":{"line":2,"column":36},"end":{"line":2,"column":39}}],"line":2},"1":{"loc":{"start":{"line":5,"column":4},"end":{"line":7,"column":5}},"type":"if","locations":[{"start":{"line":5,"column":4},"end":{"line":7,"column":5}},{"start":{},"end":{}}],"line":5}},"s":{"0":29,"1":29,"2":1,"3":28,"4":28,"5":11},"f":{"0":29},"b":{"0":[27],"1":[1,28]},"_coverageSchema":"1a1c01bbd47fc00a2c39e90264f33305004495a9","hash":"dbe91488dffb917ae76ffd7f7e856c159b48c41a"}
,"/Users/ilmans/Documents/Learning/Expert Backend (dicoding)/Clean-arthitecture/src/Commons/exceptions/DomainErrorTranslator.js": {"path":"/Users/ilmans/Documents/Learning/Expert Backend (dicoding)/Clean-arthitecture/src/Commons/exceptions/DomainErrorTranslator.js","statementMap":{"0":{"start":{"line":1,"column":23},"end":{"line":1,"column":50}},"1":{"start":{"line":3,"column":30},"end":{"line":7,"column":1}},"2":{"start":{"line":5,"column":4},"end":{"line":5,"column":70}},"3":{"start":{"line":9,"column":0},"end":{"line":39,"column":2}},"4":{"start":{"line":41,"column":0},"end":{"line":41,"column":39}}},"fnMap":{"0":{"name":"(anonymous_0)","decl":{"start":{"line":4,"column":2},"end":{"line":4,"column":3}},"loc":{"start":{"line":4,"column":19},"end":{"line":6,"column":3}},"line":4}},"branchMap":{"0":{"loc":{"start":{"line":5,"column":11},"end":{"line":5,"column":69}},"type":"binary-expr","locations":[{"start":{"line":5,"column":11},"end":{"line":5,"column":60}},{"start":{"line":5,"column":64},"end":{"line":5,"column":69}}],"line":5}},"s":{"0":2,"1":2,"2":7,"3":2,"4":2},"f":{"0":7},"b":{"0":[7,3]},"_coverageSchema":"1a1c01bbd47fc00a2c39e90264f33305004495a9","hash":"0350f9dc6d6abffe10820108ffb33f92db75440e"}
,"/Users/ilmans/Documents/Learning/Expert Backend (dicoding)/Clean-arthitecture/src/Commons/exceptions/InvariantError.js": {"path":"/Users/ilmans/Documents/Learning/Expert Backend (dicoding)/Clean-arthitecture/src/Commons/exceptions/InvariantError.js","statementMap":{"0":{"start":{"line":1,"column":20},"end":{"line":1,"column":44}},"1":{"start":{"line":5,"column":4},"end":{"line":5,"column":19}},"2":{"start":{"line":7,"column":4},"end":{"line":7,"column":33}},"3":{"start":{"line":11,"column":0},"end":{"line":11,"column":32}}},"fnMap":{"0":{"name":"(anonymous_0)","decl":{"start":{"line":4,"column":2},"end":{"line":4,"column":3}},"loc":{"start":{"line":4,"column":23},"end":{"line":8,"column":3}},"line":4}},"branchMap":{},"s":{"0":7,"1":26,"2":26,"3":7},"f":{"0":26},"b":{},"_coverageSchema":"1a1c01bbd47fc00a2c39e90264f33305004495a9","hash":"8e4f105c40f67644ae98f1b927f1374201cd8800"}
,"/Users/ilmans/Documents/Learning/Expert Backend (dicoding)/Clean-arthitecture/src/Commons/exceptions/NotFoundError.js": {"path":"/Users/ilmans/Documents/Learning/Expert Backend (dicoding)/Clean-arthitecture/src/Commons/exceptions/NotFoundError.js","statementMap":{"0":{"start":{"line":1,"column":20},"end":{"line":1,"column":44}},"1":{"start":{"line":5,"column":4},"end":{"line":5,"column":24}},"2":{"start":{"line":6,"column":4},"end":{"line":6,"column":32}},"3":{"start":{"line":10,"column":0},"end":{"line":10,"column":31}}},"fnMap":{"0":{"name":"(anonymous_0)","decl":{"start":{"line":4,"column":2},"end":{"line":4,"column":3}},"loc":{"start":{"line":4,"column":23},"end":{"line":7,"column":3}},"line":4}},"branchMap":{},"s":{"0":1,"1":1,"2":1,"3":1},"f":{"0":1},"b":{},"_coverageSchema":"1a1c01bbd47fc00a2c39e90264f33305004495a9","hash":"852c3a64f712f184751ae132b149e016b5bbcdf7"}
,"/Users/ilmans/Documents/Learning/Expert Backend (dicoding)/Clean-arthitecture/src/Domains/authentication/AuthenticatoinRepository.js": {"path":"/Users/ilmans/Documents/Learning/Expert Backend (dicoding)/Clean-arthitecture/src/Domains/authentication/AuthenticatoinRepository.js","statementMap":{"0":{"start":{"line":3,"column":4},"end":{"line":3,"column":50}},"1":{"start":{"line":7,"column":4},"end":{"line":7,"column":50}},"2":{"start":{"line":11,"column":4},"end":{"line":11,"column":50}},"3":{"start":{"line":15,"column":0},"end":{"line":15,"column":42}}},"fnMap":{"0":{"name":"(anonymous_0)","decl":{"start":{"line":2,"column":2},"end":{"line":2,"column":3}},"loc":{"start":{"line":2,"column":18},"end":{"line":4,"column":3}},"line":2},"1":{"name":"(anonymous_1)","decl":{"start":{"line":6,"column":2},"end":{"line":6,"column":3}},"loc":{"start":{"line":6,"column":21},"end":{"line":8,"column":3}},"line":6},"2":{"name":"(anonymous_2)","decl":{"start":{"line":10,"column":2},"end":{"line":10,"column":3}},"loc":{"start":{"line":10,"column":21},"end":{"line":12,"column":3}},"line":10}},"branchMap":{},"s":{"0":0,"1":0,"2":0,"3":3},"f":{"0":0,"1":0,"2":0},"b":{},"_coverageSchema":"1a1c01bbd47fc00a2c39e90264f33305004495a9","hash":"a92f60033e2046e389e7710a1eeb36f75e3ace84"}
,"/Users/ilmans/Documents/Learning/Expert Backend (dicoding)/Clean-arthitecture/src/Domains/threads/ThreadRepository.js": {"path":"/Users/ilmans/Documents/Learning/Expert Backend (dicoding)/Clean-arthitecture/src/Domains/threads/ThreadRepository.js","statementMap":{"0":{"start":{"line":3,"column":4},"end":{"line":3,"column":64}},"1":{"start":{"line":7,"column":4},"end":{"line":7,"column":64}},"2":{"start":{"line":10,"column":0},"end":{"line":10,"column":34}}},"fnMap":{"0":{"name":"(anonymous_0)","decl":{"start":{"line":2,"column":2},"end":{"line":2,"column":3}},"loc":{"start":{"line":2,"column":37},"end":{"line":4,"column":3}},"line":2},"1":{"name":"(anonymous_1)","decl":{"start":{"line":6,"column":2},"end":{"line":6,"column":3}},"loc":{"start":{"line":6,"column":32},"end":{"line":8,"column":3}},"line":6}},"branchMap":{},"s":{"0":1,"1":1,"2":3},"f":{"0":1,"1":1},"b":{},"_coverageSchema":"1a1c01bbd47fc00a2c39e90264f33305004495a9","hash":"b57d82257f468c0d14144e06ceb97e373ab2cf38"}
,"/Users/ilmans/Documents/Learning/Expert Backend (dicoding)/Clean-arthitecture/src/Domains/threads/entities/NewThread.js": {"path":"/Users/ilmans/Documents/Learning/Expert Backend (dicoding)/Clean-arthitecture/src/Domains/threads/entities/NewThread.js","statementMap":{"0":{"start":{"line":3,"column":4},"end":{"line":3,"column":33}},"1":{"start":{"line":4,"column":28},"end":{"line":4,"column":35}},"2":{"start":{"line":6,"column":4},"end":{"line":6,"column":23}},"3":{"start":{"line":7,"column":4},"end":{"line":7,"column":21}},"4":{"start":{"line":11,"column":28},"end":{"line":11,"column":35}},"5":{"start":{"line":12,"column":4},"end":{"line":14,"column":5}},"6":{"start":{"line":13,"column":6},"end":{"line":13,"column":64}},"7":{"start":{"line":16,"column":4},"end":{"line":18,"column":5}},"8":{"start":{"line":17,"column":6},"end":{"line":17,"column":69}},"9":{"start":{"line":22,"column":0},"end":{"line":22,"column":27}}},"fnMap":{"0":{"name":"(anonymous_0)","decl":{"start":{"line":2,"column":2},"end":{"line":2,"column":3}},"loc":{"start":{"line":2,"column":23},"end":{"line":8,"column":3}},"line":2},"1":{"name":"(anonymous_1)","decl":{"start":{"line":10,"column":2},"end":{"line":10,"column":3}},"loc":{"start":{"line":10,"column":26},"end":{"line":19,"column":3}},"line":10}},"branchMap":{"0":{"loc":{"start":{"line":12,"column":4},"end":{"line":14,"column":5}},"type":"if","locations":[{"start":{"line":12,"column":4},"end":{"line":14,"column":5}},{"start":{},"end":{}}],"line":12},"1":{"loc":{"start":{"line":12,"column":8},"end":{"line":12,"column":23}},"type":"binary-expr","locations":[{"start":{"line":12,"column":8},"end":{"line":12,"column":14}},{"start":{"line":12,"column":18},"end":{"line":12,"column":23}}],"line":12},"2":{"loc":{"start":{"line":16,"column":4},"end":{"line":18,"column":5}},"type":"if","locations":[{"start":{"line":16,"column":4},"end":{"line":18,"column":5}},{"start":{},"end":{}}],"line":16},"3":{"loc":{"start":{"line":16,"column":8},"end":{"line":16,"column":61}},"type":"binary-expr","locations":[{"start":{"line":16,"column":8},"end":{"line":16,"column":33}},{"start":{"line":16,"column":37},"end":{"line":16,"column":61}}],"line":16}},"s":{"0":6,"1":4,"2":4,"3":4,"4":6,"5":6,"6":1,"7":5,"8":1,"9":3},"f":{"0":6,"1":6},"b":{"0":[1,5],"1":[6,6],"2":[1,4],"3":[5,4]},"_coverageSchema":"1a1c01bbd47fc00a2c39e90264f33305004495a9","hash":"3d6bee047868df924953e954143fac0698ff888f"}
,"/Users/ilmans/Documents/Learning/Expert Backend (dicoding)/Clean-arthitecture/src/Domains/threads/entities/RegisteredThread.js": {"path":"/Users/ilmans/Documents/Learning/Expert Backend (dicoding)/Clean-arthitecture/src/Domains/threads/entities/RegisteredThread.js","statementMap":{"0":{"start":{"line":3,"column":4},"end":{"line":3,"column":17}},"1":{"start":{"line":4,"column":4},"end":{"line":4,"column":25}},"2":{"start":{"line":5,"column":4},"end":{"line":5,"column":23}},"3":{"start":{"line":6,"column":4},"end":{"line":6,"column":21}},"4":{"start":{"line":7,"column":4},"end":{"line":7,"column":32}},"5":{"start":{"line":11,"column":0},"end":{"line":11,"column":34}}},"fnMap":{"0":{"name":"(anonymous_0)","decl":{"start":{"line":2,"column":2},"end":{"line":2,"column":3}},"loc":{"start":{"line":2,"column":56},"end":{"line":8,"column":3}},"line":2}},"branchMap":{},"s":{"0":1,"1":1,"2":1,"3":1,"4":1,"5":1},"f":{"0":1},"b":{},"_coverageSchema":"1a1c01bbd47fc00a2c39e90264f33305004495a9","hash":"3ba82f3fbfe0d2831185948a8854f31115631303"}
,"/Users/ilmans/Documents/Learning/Expert Backend (dicoding)/Clean-arthitecture/src/Domains/users/UserRepository.js": {"path":"/Users/ilmans/Documents/Learning/Expert Backend (dicoding)/Clean-arthitecture/src/Domains/users/UserRepository.js","statementMap":{"0":{"start":{"line":3,"column":4},"end":{"line":3,"column":62}},"1":{"start":{"line":7,"column":4},"end":{"line":7,"column":62}},"2":{"start":{"line":11,"column":4},"end":{"line":11,"column":62}},"3":{"start":{"line":15,"column":0},"end":{"line":15,"column":32}}},"fnMap":{"0":{"name":"(anonymous_0)","decl":{"start":{"line":2,"column":2},"end":{"line":2,"column":3}},"loc":{"start":{"line":2,"column":30},"end":{"line":4,"column":3}},"line":2},"1":{"name":"(anonymous_1)","decl":{"start":{"line":6,"column":2},"end":{"line":6,"column":3}},"loc":{"start":{"line":6,"column":42},"end":{"line":8,"column":3}},"line":6},"2":{"name":"(anonymous_2)","decl":{"start":{"line":10,"column":2},"end":{"line":10,"column":3}},"loc":{"start":{"line":10,"column":36},"end":{"line":12,"column":3}},"line":10}},"branchMap":{},"s":{"0":1,"1":1,"2":0,"3":5},"f":{"0":1,"1":1,"2":0},"b":{},"_coverageSchema":"1a1c01bbd47fc00a2c39e90264f33305004495a9","hash":"cee66423db3f01457d128d46df362f6c7cf51c87"}
,"/Users/ilmans/Documents/Learning/Expert Backend (dicoding)/Clean-arthitecture/src/Domains/users/entities/RegisterUser.js": {"path":"/Users/ilmans/Documents/Learning/Expert Backend (dicoding)/Clean-arthitecture/src/Domains/users/entities/RegisterUser.js","statementMap":{"0":{"start":{"line":3,"column":4},"end":{"line":3,"column":58}},"1":{"start":{"line":4,"column":4},"end":{"line":4,"column":29}},"2":{"start":{"line":5,"column":4},"end":{"line":5,"column":29}},"3":{"start":{"line":6,"column":4},"end":{"line":6,"column":29}},"4":{"start":{"line":10,"column":4},"end":{"line":12,"column":5}},"5":{"start":{"line":11,"column":6},"end":{"line":11,"column":67}},"6":{"start":{"line":14,"column":4},"end":{"line":20,"column":5}},"7":{"start":{"line":19,"column":6},"end":{"line":19,"column":72}},"8":{"start":{"line":22,"column":4},"end":{"line":24,"column":5}},"9":{"start":{"line":23,"column":6},"end":{"line":23,"column":59}},"10":{"start":{"line":26,"column":4},"end":{"line":28,"column":5}},"11":{"start":{"line":27,"column":6},"end":{"line":27,"column":77}},"12":{"start":{"line":32,"column":0},"end":{"line":32,"column":30}}},"fnMap":{"0":{"name":"(anonymous_0)","decl":{"start":{"line":2,"column":2},"end":{"line":2,"column":3}},"loc":{"start":{"line":2,"column":48},"end":{"line":7,"column":3}},"line":2},"1":{"name":"(anonymous_1)","decl":{"start":{"line":9,"column":2},"end":{"line":9,"column":3}},"loc":{"start":{"line":9,"column":51},"end":{"line":29,"column":3}},"line":9}},"branchMap":{"0":{"loc":{"start":{"line":10,"column":4},"end":{"line":12,"column":5}},"type":"if","locations":[{"start":{"line":10,"column":4},"end":{"line":12,"column":5}},{"start":{},"end":{}}],"line":10},"1":{"loc":{"start":{"line":10,"column":8},"end":{"line":10,"column":43}},"type":"binary-expr","locations":[{"start":{"line":10,"column":8},"end":{"line":10,"column":17}},{"start":{"line":10,"column":21},"end":{"line":10,"column":30}},{"start":{"line":10,"column":34},"end":{"line":10,"column":43}}],"line":10},"2":{"loc":{"start":{"line":14,"column":4},"end":{"line":20,"column":5}},"type":"if","locations":[{"start":{"line":14,"column":4},"end":{"line":20,"column":5}},{"start":{},"end":{}}],"line":14},"3":{"loc":{"start":{"line":15,"column":6},"end":{"line":17,"column":34}},"type":"binary-expr","locations":[{"start":{"line":15,"column":6},"end":{"line":15,"column":34}},{"start":{"line":16,"column":6},"end":{"line":16,"column":34}},{"start":{"line":17,"column":6},"end":{"line":17,"column":34}}],"line":15},"4":{"loc":{"start":{"line":22,"column":4},"end":{"line":24,"column":5}},"type":"if","locations":[{"start":{"line":22,"column":4},"end":{"line":24,"column":5}},{"start":{},"end":{}}],"line":22},"5":{"loc":{"start":{"line":26,"column":4},"end":{"line":28,"column":5}},"type":"if","locations":[{"start":{"line":26,"column":4},"end":{"line":28,"column":5}},{"start":{},"end":{}}],"line":26}},"s":{"0":9,"1":5,"2":5,"3":5,"4":9,"5":1,"6":8,"7":1,"8":7,"9":1,"10":6,"11":1,"12":4},"f":{"0":9,"1":9},"b":{"0":[1,8],"1":[9,9,9],"2":[1,7],"3":[8,7,7],"4":[1,6],"5":[1,5]},"_coverageSchema":"1a1c01bbd47fc00a2c39e90264f33305004495a9","hash":"da61b798f9afecdae8f4fc6b36fb2681523402a4"}
,"/Users/ilmans/Documents/Learning/Expert Backend (dicoding)/Clean-arthitecture/src/Domains/users/entities/RegisteredUser.js": {"path":"/Users/ilmans/Documents/Learning/Expert Backend (dicoding)/Clean-arthitecture/src/Domains/users/entities/RegisteredUser.js","statementMap":{"0":{"start":{"line":3,"column":4},"end":{"line":3,"column":33}},"1":{"start":{"line":5,"column":39},"end":{"line":5,"column":46}},"2":{"start":{"line":7,"column":4},"end":{"line":7,"column":17}},"3":{"start":{"line":8,"column":4},"end":{"line":8,"column":29}},"4":{"start":{"line":9,"column":4},"end":{"line":9,"column":29}},"5":{"start":{"line":13,"column":4},"end":{"line":15,"column":5}},"6":{"start":{"line":14,"column":6},"end":{"line":14,"column":69}},"7":{"start":{"line":17,"column":4},"end":{"line":23,"column":5}},"8":{"start":{"line":22,"column":6},"end":{"line":22,"column":74}},"9":{"start":{"line":27,"column":0},"end":{"line":27,"column":32}}},"fnMap":{"0":{"name":"(anonymous_0)","decl":{"start":{"line":2,"column":2},"end":{"line":2,"column":3}},"loc":{"start":{"line":2,"column":23},"end":{"line":10,"column":3}},"line":2},"1":{"name":"(anonymous_1)","decl":{"start":{"line":12,"column":2},"end":{"line":12,"column":3}},"loc":{"start":{"line":12,"column":45},"end":{"line":24,"column":3}},"line":12}},"branchMap":{"0":{"loc":{"start":{"line":13,"column":4},"end":{"line":15,"column":5}},"type":"if","locations":[{"start":{"line":13,"column":4},"end":{"line":15,"column":5}},{"start":{},"end":{}}],"line":13},"1":{"loc":{"start":{"line":13,"column":8},"end":{"line":13,"column":37}},"type":"binary-expr","locations":[{"start":{"line":13,"column":8},"end":{"line":13,"column":11}},{"start":{"line":13,"column":15},"end":{"line":13,"column":24}},{"start":{"line":13,"column":28},"end":{"line":13,"column":37}}],"line":13},"2":{"loc":{"start":{"line":17,"column":4},"end":{"line":23,"column":5}},"type":"if","locations":[{"start":{"line":17,"column":4},"end":{"line":23,"column":5}},{"start":{},"end":{}}],"line":17},"3":{"loc":{"start":{"line":18,"column":6},"end":{"line":20,"column":34}},"type":"binary-expr","locations":[{"start":{"line":18,"column":6},"end":{"line":18,"column":28}},{"start":{"line":19,"column":6},"end":{"line":19,"column":34}},{"start":{"line":20,"column":6},"end":{"line":20,"column":34}}],"line":18}},"s":{"0":8,"1":6,"2":6,"3":6,"4":6,"5":8,"6":1,"7":7,"8":1,"9":4},"f":{"0":8,"1":8},"b":{"0":[1,7],"1":[8,7,7],"2":[1,6],"3":[7,6,6]},"_coverageSchema":"1a1c01bbd47fc00a2c39e90264f33305004495a9","hash":"56df14dccc1c75b0c61f1d091375ae3f67019cbe"}
,"/Users/ilmans/Documents/Learning/Expert Backend (dicoding)/Clean-arthitecture/src/Domains/users/entities/UserLogin.js": {"path":"/Users/ilmans/Documents/Learning/Expert Backend (dicoding)/Clean-arthitecture/src/Domains/users/entities/UserLogin.js","statementMap":{"0":{"start":{"line":3,"column":4},"end":{"line":3,"column":33}},"1":{"start":{"line":5,"column":4},"end":{"line":5,"column":37}},"2":{"start":{"line":6,"column":4},"end":{"line":6,"column":37}},"3":{"start":{"line":10,"column":35},"end":{"line":10,"column":42}},"4":{"start":{"line":12,"column":4},"end":{"line":14,"column":5}},"5":{"start":{"line":13,"column":6},"end":{"line":13,"column":64}},"6":{"start":{"line":16,"column":4},"end":{"line":18,"column":5}},"7":{"start":{"line":17,"column":6},"end":{"line":17,"column":69}},"8":{"start":{"line":22,"column":0},"end":{"line":22,"column":27}}},"fnMap":{"0":{"name":"(anonymous_0)","decl":{"start":{"line":2,"column":2},"end":{"line":2,"column":3}},"loc":{"start":{"line":2,"column":23},"end":{"line":7,"column":3}},"line":2},"1":{"name":"(anonymous_1)","decl":{"start":{"line":9,"column":2},"end":{"line":9,"column":3}},"loc":{"start":{"line":9,"column":26},"end":{"line":19,"column":3}},"line":9}},"branchMap":{"0":{"loc":{"start":{"line":12,"column":4},"end":{"line":14,"column":5}},"type":"if","locations":[{"start":{"line":12,"column":4},"end":{"line":14,"column":5}},{"start":{},"end":{}}],"line":12},"1":{"loc":{"start":{"line":12,"column":8},"end":{"line":12,"column":30}},"type":"binary-expr","locations":[{"start":{"line":12,"column":8},"end":{"line":12,"column":17}},{"start":{"line":12,"column":21},"end":{"line":12,"column":30}}],"line":12},"2":{"loc":{"start":{"line":16,"column":4},"end":{"line":18,"column":5}},"type":"if","locations":[{"start":{"line":16,"column":4},"end":{"line":18,"column":5}},{"start":{},"end":{}}],"line":16},"3":{"loc":{"start":{"line":16,"column":8},"end":{"line":16,"column":68}},"type":"binary-expr","locations":[{"start":{"line":16,"column":8},"end":{"line":16,"column":36}},{"start":{"line":16,"column":40},"end":{"line":16,"column":68}}],"line":16}},"s":{"0":4,"1":2,"2":2,"3":4,"4":4,"5":1,"6":3,"7":1,"8":3},"f":{"0":4,"1":4},"b":{"0":[1,3],"1":[4,4],"2":[1,2],"3":[3,3]},"_coverageSchema":"1a1c01bbd47fc00a2c39e90264f33305004495a9","hash":"9c614922fecef8f2e4b634eea2f10d022fd8b6e0"}
,"/Users/ilmans/Documents/Learning/Expert Backend (dicoding)/Clean-arthitecture/src/Infrastructures/container.js": {"path":"/Users/ilmans/Documents/Learning/Expert Backend (dicoding)/Clean-arthitecture/src/Infrastructures/container.js","statementMap":{"0":{"start":{"line":1,"column":28},"end":{"line":1,"column":58}},"1":{"start":{"line":4,"column":19},"end":{"line":4,"column":36}},"2":{"start":{"line":5,"column":15},"end":{"line":5,"column":32}},"3":{"start":{"line":6,"column":13},"end":{"line":6,"column":48}},"4":{"start":{"line":7,"column":12},"end":{"line":7,"column":32}},"5":{"start":{"line":9,"column":31},"end":{"line":9,"column":77}},"6":{"start":{"line":10,"column":27},"end":{"line":10,"column":67}},"7":{"start":{"line":13,"column":23},"end":{"line":13,"column":73}},"8":{"start":{"line":14,"column":23},"end":{"line":14,"column":65}},"9":{"start":{"line":15,"column":21},"end":{"line":15,"column":69}},"10":{"start":{"line":16,"column":20},"end":{"line":16,"column":67}},"11":{"start":{"line":17,"column":33},"end":{"line":17,"column":94}},"12":{"start":{"line":18,"column":25},"end":{"line":18,"column":77}},"13":{"start":{"line":19,"column":41},"end":{"line":19,"column":97}},"14":{"start":{"line":20,"column":28},"end":{"line":20,"column":69}},"15":{"start":{"line":22,"column":18},"end":{"line":22,"column":35}},"16":{"start":{"line":24,"column":0},"end":{"line":72,"column":3}},"17":{"start":{"line":74,"column":0},"end":{"line":117,"column":3}},"18":{"start":{"line":119,"column":0},"end":{"line":119,"column":27}}},"fnMap":{},"branchMap":{},"s":{"0":1,"1":1,"2":1,"3":1,"4":1,"5":1,"6":1,"7":1,"8":1,"9":1,"10":1,"11":1,"12":1,"13":1,"14":1,"15":1,"16":1,"17":1,"18":1},"f":{},"b":{},"_coverageSchema":"1a1c01bbd47fc00a2c39e90264f33305004495a9","hash":"f2308bbbc35670c99444bf198a296668a83ee46b"}
,"/Users/ilmans/Documents/Learning/Expert Backend (dicoding)/Clean-arthitecture/src/Infrastructures/database/postgres/pool.js": {"path":"/Users/ilmans/Documents/Learning/Expert Backend (dicoding)/Clean-arthitecture/src/Infrastructures/database/postgres/pool.js","statementMap":{"0":{"start":{"line":1,"column":17},"end":{"line":1,"column":30}},"1":{"start":{"line":2,"column":15},"end":{"line":2,"column":49}},"2":{"start":{"line":4,"column":13},"end":{"line":4,"column":38}},"3":{"start":{"line":6,"column":0},"end":{"line":6,"column":22}}},"fnMap":{},"branchMap":{},"s":{"0":4,"1":4,"2":4,"3":4},"f":{},"b":{},"_coverageSchema":"1a1c01bbd47fc00a2c39e90264f33305004495a9","hash":"349fbe8d1c4f110fd1be6e70e851756088b2e8a8"}
,"/Users/ilmans/Documents/Learning/Expert Backend (dicoding)/Clean-arthitecture/src/Infrastructures/http/createServer.js": {"path":"/Users/ilmans/Documents/Learning/Expert Backend (dicoding)/Clean-arthitecture/src/Infrastructures/http/createServer.js","statementMap":{"0":{"start":{"line":1,"column":13},"end":{"line":1,"column":34}},"1":{"start":{"line":2,"column":20},"end":{"line":2,"column":67}},"2":{"start":{"line":3,"column":30},"end":{"line":3,"column":87}},"3":{"start":{"line":4,"column":14},"end":{"line":4,"column":56}},"4":{"start":{"line":5,"column":24},"end":{"line":5,"column":76}},"5":{"start":{"line":6,"column":21},"end":{"line":61,"column":1}},"6":{"start":{"line":7,"column":17},"end":{"line":10,"column":4}},"7":{"start":{"line":12,"column":2},"end":{"line":21,"column":5}},"8":{"start":{"line":23,"column":2},"end":{"line":58,"column":5}},"9":{"start":{"line":25,"column":25},"end":{"line":25,"column":32}},"10":{"start":{"line":27,"column":4},"end":{"line":54,"column":5}},"11":{"start":{"line":29,"column":30},"end":{"line":29,"column":71}},"12":{"start":{"line":32,"column":6},"end":{"line":39,"column":7}},"13":{"start":{"line":33,"column":28},"end":{"line":36,"column":10}},"14":{"start":{"line":37,"column":8},"end":{"line":37,"column":53}},"15":{"start":{"line":38,"column":8},"end":{"line":38,"column":27}},"16":{"start":{"line":42,"column":6},"end":{"line":44,"column":7}},"17":{"start":{"line":43,"column":8},"end":{"line":43,"column":26}},"18":{"start":{"line":46,"column":6},"end":{"line":46,"column":28}},"19":{"start":{"line":48,"column":26},"end":{"line":51,"column":8}},"20":{"start":{"line":52,"column":6},"end":{"line":52,"column":28}},"21":{"start":{"line":53,"column":6},"end":{"line":53,"column":25}},"22":{"start":{"line":57,"column":4},"end":{"line":57,"column":22}},"23":{"start":{"line":60,"column":2},"end":{"line":60,"column":16}},"24":{"start":{"line":63,"column":0},"end":{"line":63,"column":30}}},"fnMap":{"0":{"name":"(anonymous_0)","decl":{"start":{"line":6,"column":21},"end":{"line":6,"column":22}},"loc":{"start":{"line":6,"column":42},"end":{"line":61,"column":1}},"line":6},"1":{"name":"(anonymous_1)","decl":{"start":{"line":23,"column":30},"end":{"line":23,"column":31}},"loc":{"start":{"line":23,"column":46},"end":{"line":58,"column":3}},"line":23}},"branchMap":{"0":{"loc":{"start":{"line":27,"column":4},"end":{"line":54,"column":5}},"type":"if","locations":[{"start":{"line":27,"column":4},"end":{"line":54,"column":5}},{"start":{},"end":{}}],"line":27},"1":{"loc":{"start":{"line":32,"column":6},"end":{"line":39,"column":7}},"type":"if","locations":[{"start":{"line":32,"column":6},"end":{"line":39,"column":7}},{"start":{},"end":{}}],"line":32},"2":{"loc":{"start":{"line":42,"column":6},"end":{"line":44,"column":7}},"type":"if","locations":[{"start":{"line":42,"column":6},"end":{"line":44,"column":7}},{"start":{},"end":{}}],"line":42}},"s":{"0":1,"1":1,"2":1,"3":1,"4":1,"5":1,"6":2,"7":2,"8":2,"9":2,"10":2,"11":2,"12":2,"13":0,"14":0,"15":0,"16":2,"17":1,"18":1,"19":1,"20":1,"21":1,"22":0,"23":2,"24":1},"f":{"0":2,"1":2},"b":{"0":[2,0],"1":[0,2],"2":[1,1]},"_coverageSchema":"1a1c01bbd47fc00a2c39e90264f33305004495a9","hash":"91572e37998429613643365766118e74d5679e7e"}
,"/Users/ilmans/Documents/Learning/Expert Backend (dicoding)/Clean-arthitecture/src/Infrastructures/repository/AuthenticationRepositoryPostgres.js": {"path":"/Users/ilmans/Documents/Learning/Expert Backend (dicoding)/Clean-arthitecture/src/Infrastructures/repository/AuthenticationRepositoryPostgres.js","statementMap":{"0":{"start":{"line":1,"column":23},"end":{"line":1,"column":73}},"1":{"start":{"line":2,"column":33},"end":{"line":2,"column":97}},"2":{"start":{"line":6,"column":4},"end":{"line":6,"column":12}},"3":{"start":{"line":7,"column":4},"end":{"line":7,"column":22}},"4":{"start":{"line":11,"column":18},"end":{"line":14,"column":5}},"5":{"start":{"line":15,"column":4},"end":{"line":15,"column":34}},"6":{"start":{"line":19,"column":18},"end":{"line":22,"column":5}},"7":{"start":{"line":23,"column":19},"end":{"line":23,"column":48}},"8":{"start":{"line":25,"column":4},"end":{"line":27,"column":5}},"9":{"start":{"line":26,"column":6},"end":{"line":26,"column":50}},"10":{"start":{"line":31,"column":18},"end":{"line":34,"column":5}},"11":{"start":{"line":35,"column":4},"end":{"line":35,"column":34}},"12":{"start":{"line":39,"column":0},"end":{"line":39,"column":50}}},"fnMap":{"0":{"name":"(anonymous_0)","decl":{"start":{"line":5,"column":2},"end":{"line":5,"column":3}},"loc":{"start":{"line":5,"column":20},"end":{"line":8,"column":3}},"line":5},"1":{"name":"(anonymous_1)","decl":{"start":{"line":10,"column":2},"end":{"line":10,"column":3}},"loc":{"start":{"line":10,"column":24},"end":{"line":16,"column":3}},"line":10},"2":{"name":"(anonymous_2)","decl":{"start":{"line":18,"column":2},"end":{"line":18,"column":3}},"loc":{"start":{"line":18,"column":27},"end":{"line":28,"column":3}},"line":18},"3":{"name":"(anonymous_3)","decl":{"start":{"line":30,"column":2},"end":{"line":30,"column":3}},"loc":{"start":{"line":30,"column":27},"end":{"line":36,"column":3}},"line":30}},"branchMap":{"0":{"loc":{"start":{"line":25,"column":4},"end":{"line":27,"column":5}},"type":"if","locations":[{"start":{"line":25,"column":4},"end":{"line":27,"column":5}},{"start":{},"end":{}}],"line":25}},"s":{"0":2,"1":2,"2":4,"3":4,"4":1,"5":1,"6":2,"7":2,"8":2,"9":1,"10":1,"11":1,"12":2},"f":{"0":4,"1":1,"2":2,"3":1},"b":{"0":[1,1]},"_coverageSchema":"1a1c01bbd47fc00a2c39e90264f33305004495a9","hash":"efbf2cd3f4be438c092be3692881958da076427b"}
,"/Users/ilmans/Documents/Learning/Expert Backend (dicoding)/Clean-arthitecture/src/Infrastructures/repository/ThreadRepositoryPostgres.js": {"path":"/Users/ilmans/Documents/Learning/Expert Backend (dicoding)/Clean-arthitecture/src/Infrastructures/repository/ThreadRepositoryPostgres.js","statementMap":{"0":{"start":{"line":1,"column":25},"end":{"line":1,"column":74}},"1":{"start":{"line":2,"column":25},"end":{"line":2,"column":83}},"2":{"start":{"line":6,"column":4},"end":{"line":6,"column":12}},"3":{"start":{"line":7,"column":4},"end":{"line":7,"column":22}},"4":{"start":{"line":8,"column":4},"end":{"line":8,"column":36}},"5":{"start":{"line":12,"column":28},"end":{"line":12,"column":37}},"6":{"start":{"line":13,"column":15},"end":{"line":13,"column":46}},"7":{"start":{"line":14,"column":18},"end":{"line":17,"column":5}},"8":{"start":{"line":19,"column":19},"end":{"line":19,"column":48}},"9":{"start":{"line":20,"column":4},"end":{"line":20,"column":48}},"10":{"start":{"line":24,"column":18},"end":{"line":27,"column":5}},"11":{"start":{"line":28,"column":19},"end":{"line":28,"column":48}},"12":{"start":{"line":29,"column":4},"end":{"line":29,"column":26}},"13":{"start":{"line":33,"column":0},"end":{"line":33,"column":42}}},"fnMap":{"0":{"name":"(anonymous_0)","decl":{"start":{"line":5,"column":2},"end":{"line":5,"column":3}},"loc":{"start":{"line":5,"column":33},"end":{"line":9,"column":3}},"line":5},"1":{"name":"(anonymous_1)","decl":{"start":{"line":11,"column":2},"end":{"line":11,"column":3}},"loc":{"start":{"line":11,"column":37},"end":{"line":21,"column":3}},"line":11},"2":{"name":"(anonymous_2)","decl":{"start":{"line":23,"column":2},"end":{"line":23,"column":3}},"loc":{"start":{"line":23,"column":26},"end":{"line":30,"column":3}},"line":23}},"branchMap":{},"s":{"0":1,"1":1,"2":2,"3":2,"4":2,"5":1,"6":1,"7":1,"8":1,"9":1,"10":1,"11":1,"12":1,"13":1},"f":{"0":2,"1":1,"2":1},"b":{},"_coverageSchema":"1a1c01bbd47fc00a2c39e90264f33305004495a9","hash":"7fb74c735ceb012549e45e71ee03f4360baa62c5"}
,"/Users/ilmans/Documents/Learning/Expert Backend (dicoding)/Clean-arthitecture/src/Infrastructures/repository/UserRepositoryPostgres.js": {"path":"/Users/ilmans/Documents/Learning/Expert Backend (dicoding)/Clean-arthitecture/src/Infrastructures/repository/UserRepositoryPostgres.js","statementMap":{"0":{"start":{"line":1,"column":23},"end":{"line":1,"column":73}},"1":{"start":{"line":2,"column":23},"end":{"line":2,"column":68}},"2":{"start":{"line":3,"column":23},"end":{"line":3,"column":77}},"3":{"start":{"line":7,"column":4},"end":{"line":7,"column":12}},"4":{"start":{"line":8,"column":4},"end":{"line":8,"column":22}},"5":{"start":{"line":9,"column":4},"end":{"line":9,"column":36}},"6":{"start":{"line":13,"column":18},"end":{"line":16,"column":5}},"7":{"start":{"line":18,"column":19},"end":{"line":18,"column":48}},"8":{"start":{"line":19,"column":4},"end":{"line":21,"column":5}},"9":{"start":{"line":20,"column":6},"end":{"line":20,"column":58}},"10":{"start":{"line":25,"column":45},"end":{"line":25,"column":57}},"11":{"start":{"line":26,"column":15},"end":{"line":26,"column":44}},"12":{"start":{"line":28,"column":18},"end":{"line":31,"column":5}},"13":{"start":{"line":33,"column":19},"end":{"line":33,"column":48}},"14":{"start":{"line":34,"column":4},"end":{"line":34,"column":53}},"15":{"start":{"line":38,"column":18},"end":{"line":41,"column":5}},"16":{"start":{"line":42,"column":19},"end":{"line":42,"column":48}},"17":{"start":{"line":44,"column":4},"end":{"line":46,"column":5}},"18":{"start":{"line":45,"column":6},"end":{"line":45,"column":55}},"19":{"start":{"line":47,"column":4},"end":{"line":47,"column":33}},"20":{"start":{"line":51,"column":0},"end":{"line":51,"column":40}}},"fnMap":{"0":{"name":"(anonymous_0)","decl":{"start":{"line":6,"column":2},"end":{"line":6,"column":3}},"loc":{"start":{"line":6,"column":33},"end":{"line":10,"column":3}},"line":6},"1":{"name":"(anonymous_1)","decl":{"start":{"line":12,"column":2},"end":{"line":12,"column":3}},"loc":{"start":{"line":12,"column":42},"end":{"line":22,"column":3}},"line":12},"2":{"name":"(anonymous_2)","decl":{"start":{"line":24,"column":2},"end":{"line":24,"column":3}},"loc":{"start":{"line":24,"column":30},"end":{"line":35,"column":3}},"line":24},"3":{"name":"(anonymous_3)","decl":{"start":{"line":37,"column":2},"end":{"line":37,"column":3}},"loc":{"start":{"line":37,"column":36},"end":{"line":48,"column":3}},"line":37}},"branchMap":{"0":{"loc":{"start":{"line":19,"column":4},"end":{"line":21,"column":5}},"type":"if","locations":[{"start":{"line":19,"column":4},"end":{"line":21,"column":5}},{"start":{},"end":{}}],"line":19},"1":{"loc":{"start":{"line":44,"column":4},"end":{"line":46,"column":5}},"type":"if","locations":[{"start":{"line":44,"column":4},"end":{"line":46,"column":5}},{"start":{},"end":{}}],"line":44}},"s":{"0":2,"1":2,"2":2,"3":5,"4":5,"5":5,"6":2,"7":2,"8":2,"9":1,"10":2,"11":2,"12":2,"13":2,"14":2,"15":1,"16":1,"17":1,"18":0,"19":1,"20":2},"f":{"0":5,"1":2,"2":2,"3":1},"b":{"0":[1,1],"1":[0,1]},"_coverageSchema":"1a1c01bbd47fc00a2c39e90264f33305004495a9","hash":"ed0b28ef7ce17ede4b0fdc63fd89082743bb7498"}
,"/Users/ilmans/Documents/Learning/Expert Backend (dicoding)/Clean-arthitecture/src/Infrastructures/security/BcryptPasswordHash.js": {"path":"/Users/ilmans/Documents/Learning/Expert Backend (dicoding)/Clean-arthitecture/src/Infrastructures/security/BcryptPasswordHash.js","statementMap":{"0":{"start":{"line":1,"column":21},"end":{"line":1,"column":72}},"1":{"start":{"line":2,"column":28},"end":{"line":2,"column":83}},"2":{"start":{"line":6,"column":4},"end":{"line":6,"column":12}},"3":{"start":{"line":7,"column":4},"end":{"line":7,"column":26}},"4":{"start":{"line":8,"column":4},"end":{"line":8,"column":32}},"5":{"start":{"line":12,"column":4},"end":{"line":12,"column":56}},"6":{"start":{"line":16,"column":18},"end":{"line":16,"column":70}},"7":{"start":{"line":17,"column":4},"end":{"line":19,"column":5}},"8":{"start":{"line":18,"column":6},"end":{"line":18,"column":75}},"9":{"start":{"line":23,"column":0},"end":{"line":23,"column":36}}},"fnMap":{"0":{"name":"(anonymous_0)","decl":{"start":{"line":5,"column":2},"end":{"line":5,"column":3}},"loc":{"start":{"line":5,"column":38},"end":{"line":9,"column":3}},"line":5},"1":{"name":"(anonymous_1)","decl":{"start":{"line":11,"column":2},"end":{"line":11,"column":3}},"loc":{"start":{"line":11,"column":23},"end":{"line":13,"column":3}},"line":11},"2":{"name":"(anonymous_2)","decl":{"start":{"line":15,"column":2},"end":{"line":15,"column":3}},"loc":{"start":{"line":15,"column":42},"end":{"line":20,"column":3}},"line":15}},"branchMap":{"0":{"loc":{"start":{"line":5,"column":22},"end":{"line":5,"column":36}},"type":"default-arg","locations":[{"start":{"line":5,"column":34},"end":{"line":5,"column":36}}],"line":5},"1":{"loc":{"start":{"line":17,"column":4},"end":{"line":19,"column":5}},"type":"if","locations":[{"start":{"line":17,"column":4},"end":{"line":19,"column":5}},{"start":{},"end":{}}],"line":17}},"s":{"0":2,"1":2,"2":1,"3":1,"4":1,"5":1,"6":0,"7":0,"8":0,"9":2},"f":{"0":1,"1":1,"2":0},"b":{"0":[1],"1":[0,0]},"_coverageSchema":"1a1c01bbd47fc00a2c39e90264f33305004495a9","hash":"4b756a23401f9542390218cf19a2339e90450955"}
,"/Users/ilmans/Documents/Learning/Expert Backend (dicoding)/Clean-arthitecture/src/Infrastructures/security/JwtAuthTokenManager.js": {"path":"/Users/ilmans/Documents/Learning/Expert Backend (dicoding)/Clean-arthitecture/src/Infrastructures/security/JwtAuthTokenManager.js","statementMap":{"0":{"start":{"line":1,"column":25},"end":{"line":1,"column":80}},"1":{"start":{"line":2,"column":23},"end":{"line":2,"column":73}},"2":{"start":{"line":6,"column":4},"end":{"line":6,"column":12}},"3":{"start":{"line":7,"column":4},"end":{"line":7,"column":20}},"4":{"start":{"line":11,"column":4},"end":{"line":11,"column":69}},"5":{"start":{"line":15,"column":4},"end":{"line":15,"column":70}},"6":{"start":{"line":19,"column":4},"end":{"line":24,"column":5}},"7":{"start":{"line":20,"column":24},"end":{"line":20,"column":47}},"8":{"start":{"line":21,"column":6},"end":{"line":21,"column":65}},"9":{"start":{"line":23,"column":6},"end":{"line":23,"column":60}},"10":{"start":{"line":28,"column":22},"end":{"line":28,"column":45}},"11":{"start":{"line":29,"column":4},"end":{"line":29,"column":37}},"12":{"start":{"line":33,"column":0},"end":{"line":33,"column":37}}},"fnMap":{"0":{"name":"(anonymous_0)","decl":{"start":{"line":5,"column":2},"end":{"line":5,"column":3}},"loc":{"start":{"line":5,"column":19},"end":{"line":8,"column":3}},"line":5},"1":{"name":"(anonymous_1)","decl":{"start":{"line":10,"column":2},"end":{"line":10,"column":3}},"loc":{"start":{"line":10,"column":35},"end":{"line":12,"column":3}},"line":10},"2":{"name":"(anonymous_2)","decl":{"start":{"line":14,"column":2},"end":{"line":14,"column":3}},"loc":{"start":{"line":14,"column":36},"end":{"line":16,"column":3}},"line":14},"3":{"name":"(anonymous_3)","decl":{"start":{"line":18,"column":2},"end":{"line":18,"column":3}},"loc":{"start":{"line":18,"column":34},"end":{"line":25,"column":3}},"line":18},"4":{"name":"(anonymous_4)","decl":{"start":{"line":27,"column":2},"end":{"line":27,"column":3}},"loc":{"start":{"line":27,"column":29},"end":{"line":30,"column":3}},"line":27}},"branchMap":{},"s":{"0":2,"1":2,"2":5,"3":5,"4":2,"5":2,"6":2,"7":2,"8":2,"9":1,"10":1,"11":1,"12":2},"f":{"0":5,"1":2,"2":2,"3":2,"4":1},"b":{},"_coverageSchema":"1a1c01bbd47fc00a2c39e90264f33305004495a9","hash":"2eb6dc181085655067634edd0066038b9bdb9ca0"}
,"/Users/ilmans/Documents/Learning/Expert Backend (dicoding)/Clean-arthitecture/src/Interfaces/http/api/authentications/handler.js": {"path":"/Users/ilmans/Documents/Learning/Expert Backend (dicoding)/Clean-arthitecture/src/Interfaces/http/api/authentications/handler.js","statementMap":{"0":{"start":{"line":1,"column":20},"end":{"line":1,"column":76}},"1":{"start":{"line":5,"column":4},"end":{"line":5,"column":32}},"2":{"start":{"line":7,"column":4},"end":{"line":7,"column":59}},"3":{"start":{"line":8,"column":4},"end":{"line":8,"column":57}},"4":{"start":{"line":9,"column":4},"end":{"line":9,"column":63}},"5":{"start":{"line":13,"column":24},"end":{"line":13,"column":69}},"6":{"start":{"line":14,"column":42},"end":{"line":16,"column":5}},"7":{"start":{"line":17,"column":21},"end":{"line":23,"column":6}},"8":{"start":{"line":24,"column":4},"end":{"line":24,"column":23}},"9":{"start":{"line":25,"column":4},"end":{"line":25,"column":20}},"10":{"start":{"line":29,"column":24},"end":{"line":29,"column":69}},"11":{"start":{"line":30,"column":27},"end":{"line":30,"column":79}},"12":{"start":{"line":31,"column":21},"end":{"line":36,"column":6}},"13":{"start":{"line":37,"column":4},"end":{"line":37,"column":23}},"14":{"start":{"line":38,"column":4},"end":{"line":38,"column":20}},"15":{"start":{"line":42,"column":24},"end":{"line":42,"column":69}},"16":{"start":{"line":43,"column":4},"end":{"line":43,"column":46}},"17":{"start":{"line":45,"column":21},"end":{"line":48,"column":6}},"18":{"start":{"line":50,"column":4},"end":{"line":50,"column":23}},"19":{"start":{"line":51,"column":4},"end":{"line":51,"column":20}},"20":{"start":{"line":55,"column":0},"end":{"line":55,"column":29}}},"fnMap":{"0":{"name":"(anonymous_0)","decl":{"start":{"line":4,"column":2},"end":{"line":4,"column":3}},"loc":{"start":{"line":4,"column":25},"end":{"line":10,"column":3}},"line":4},"1":{"name":"(anonymous_1)","decl":{"start":{"line":12,"column":2},"end":{"line":12,"column":3}},"loc":{"start":{"line":12,"column":36},"end":{"line":26,"column":3}},"line":12},"2":{"name":"(anonymous_2)","decl":{"start":{"line":28,"column":2},"end":{"line":28,"column":3}},"loc":{"start":{"line":28,"column":35},"end":{"line":39,"column":3}},"line":28},"3":{"name":"(anonymous_3)","decl":{"start":{"line":41,"column":2},"end":{"line":41,"column":3}},"loc":{"start":{"line":41,"column":38},"end":{"line":52,"column":3}},"line":41}},"branchMap":{},"s":{"0":1,"1":2,"2":2,"3":2,"4":2,"5":0,"6":0,"7":0,"8":0,"9":0,"10":0,"11":0,"12":0,"13":0,"14":0,"15":0,"16":0,"17":0,"18":0,"19":0,"20":1},"f":{"0":2,"1":0,"2":0,"3":0},"b":{},"_coverageSchema":"1a1c01bbd47fc00a2c39e90264f33305004495a9","hash":"dcb60d5f972bc902673aec2a9b3289d52b099af5"}
,"/Users/ilmans/Documents/Learning/Expert Backend (dicoding)/Clean-arthitecture/src/Interfaces/http/api/authentications/index.js": {"path":"/Users/ilmans/Documents/Learning/Expert Backend (dicoding)/Clean-arthitecture/src/Interfaces/http/api/authentications/index.js","statementMap":{"0":{"start":{"line":1,"column":20},"end":{"line":1,"column":40}},"1":{"start":{"line":2,"column":15},"end":{"line":2,"column":34}},"2":{"start":{"line":4,"column":0},"end":{"line":10,"column":2}},"3":{"start":{"line":7,"column":24},"end":{"line":7,"column":50}},"4":{"start":{"line":8,"column":4},"end":{"line":8,"column":38}}},"fnMap":{"0":{"name":"(anonymous_0)","decl":{"start":{"line":6,"column":12},"end":{"line":6,"column":13}},"loc":{"start":{"line":6,"column":45},"end":{"line":9,"column":3}},"line":6}},"branchMap":{},"s":{"0":1,"1":1,"2":1,"3":2,"4":2},"f":{"0":2},"b":{},"_coverageSchema":"1a1c01bbd47fc00a2c39e90264f33305004495a9","hash":"d90022dbc0a3bcc1799cd271c09c1ca82890914e"}
,"/Users/ilmans/Documents/Learning/Expert Backend (dicoding)/Clean-arthitecture/src/Interfaces/http/api/authentications/routes.js": {"path":"/Users/ilmans/Documents/Learning/Expert Backend (dicoding)/Clean-arthitecture/src/Interfaces/http/api/authentications/routes.js","statementMap":{"0":{"start":{"line":1,"column":15},"end":{"line":18,"column":1}},"1":{"start":{"line":1,"column":28},"end":{"line":18,"column":1}},"2":{"start":{"line":20,"column":0},"end":{"line":20,"column":24}}},"fnMap":{"0":{"name":"(anonymous_0)","decl":{"start":{"line":1,"column":15},"end":{"line":1,"column":16}},"loc":{"start":{"line":1,"column":28},"end":{"line":18,"column":1}},"line":1}},"branchMap":{},"s":{"0":1,"1":2,"2":1},"f":{"0":2},"b":{},"_coverageSchema":"1a1c01bbd47fc00a2c39e90264f33305004495a9","hash":"895a36e3fffd7857f6465535ae7f7daaadd61bf1"}
,"/Users/ilmans/Documents/Learning/Expert Backend (dicoding)/Clean-arthitecture/src/Interfaces/http/api/users/handler.js": {"path":"/Users/ilmans/Documents/Learning/Expert Backend (dicoding)/Clean-arthitecture/src/Interfaces/http/api/users/handler.js","statementMap":{"0":{"start":{"line":1,"column":23},"end":{"line":1,"column":82}},"1":{"start":{"line":5,"column":4},"end":{"line":5,"column":32}},"2":{"start":{"line":7,"column":4},"end":{"line":7,"column":59}},"3":{"start":{"line":11,"column":27},"end":{"line":11,"column":75}},"4":{"start":{"line":12,"column":22},"end":{"line":12,"column":67}},"5":{"start":{"line":13,"column":21},"end":{"line":18,"column":6}},"6":{"start":{"line":19,"column":4},"end":{"line":19,"column":23}},"7":{"start":{"line":20,"column":4},"end":{"line":20,"column":20}},"8":{"start":{"line":24,"column":0},"end":{"line":24,"column":30}}},"fnMap":{"0":{"name":"(anonymous_0)","decl":{"start":{"line":4,"column":2},"end":{"line":4,"column":3}},"loc":{"start":{"line":4,"column":25},"end":{"line":8,"column":3}},"line":4},"1":{"name":"(anonymous_1)","decl":{"start":{"line":10,"column":2},"end":{"line":10,"column":3}},"loc":{"start":{"line":10,"column":36},"end":{"line":21,"column":3}},"line":10}},"branchMap":{},"s":{"0":1,"1":2,"2":2,"3":1,"4":0,"5":0,"6":0,"7":0,"8":1},"f":{"0":2,"1":1},"b":{},"_coverageSchema":"1a1c01bbd47fc00a2c39e90264f33305004495a9","hash":"29416d707a4bca751ddbf499076c821ac85ef282"}
,"/Users/ilmans/Documents/Learning/Expert Backend (dicoding)/Clean-arthitecture/src/Interfaces/http/api/users/index.js": {"path":"/Users/ilmans/Documents/Learning/Expert Backend (dicoding)/Clean-arthitecture/src/Interfaces/http/api/users/index.js","statementMap":{"0":{"start":{"line":1,"column":21},"end":{"line":1,"column":41}},"1":{"start":{"line":2,"column":15},"end":{"line":2,"column":34}},"2":{"start":{"line":4,"column":0},"end":{"line":10,"column":2}},"3":{"start":{"line":7,"column":24},"end":{"line":7,"column":51}},"4":{"start":{"line":8,"column":4},"end":{"line":8,"column":38}}},"fnMap":{"0":{"name":"(anonymous_0)","decl":{"start":{"line":6,"column":12},"end":{"line":6,"column":13}},"loc":{"start":{"line":6,"column":45},"end":{"line":9,"column":3}},"line":6}},"branchMap":{},"s":{"0":1,"1":1,"2":1,"3":2,"4":2},"f":{"0":2},"b":{},"_coverageSchema":"1a1c01bbd47fc00a2c39e90264f33305004495a9","hash":"fa16e2f6f1dc4324e92e1a842227f83078b67d6b"}
,"/Users/ilmans/Documents/Learning/Expert Backend (dicoding)/Clean-arthitecture/src/Interfaces/http/api/users/routes.js": {"path":"/Users/ilmans/Documents/Learning/Expert Backend (dicoding)/Clean-arthitecture/src/Interfaces/http/api/users/routes.js","statementMap":{"0":{"start":{"line":1,"column":15},"end":{"line":7,"column":1}},"1":{"start":{"line":1,"column":28},"end":{"line":7,"column":1}},"2":{"start":{"line":9,"column":0},"end":{"line":9,"column":24}}},"fnMap":{"0":{"name":"(anonymous_0)","decl":{"start":{"line":1,"column":15},"end":{"line":1,"column":16}},"loc":{"start":{"line":1,"column":28},"end":{"line":7,"column":1}},"line":1}},"branchMap":{},"s":{"0":1,"1":2,"2":1},"f":{"0":2},"b":{},"_coverageSchema":"1a1c01bbd47fc00a2c39e90264f33305004495a9","hash":"d152378b14dda439f40868fdc9de3e708487b270"}
,"/Users/ilmans/Documents/Learning/Expert Backend (dicoding)/Clean-arthitecture/tests/AuthenticationsTableTestHelper.js": {"path":"/Users/ilmans/Documents/Learning/Expert Backend (dicoding)/Clean-arthitecture/tests/AuthenticationsTableTestHelper.js","statementMap":{"0":{"start":{"line":1,"column":13},"end":{"line":1,"column":69}},"1":{"start":{"line":3,"column":39},"end":{"line":26,"column":1}},"2":{"start":{"line":5,"column":18},"end":{"line":8,"column":5}},"3":{"start":{"line":10,"column":4},"end":{"line":10,"column":28}},"4":{"start":{"line":14,"column":18},"end":{"line":17,"column":5}},"5":{"start":{"line":19,"column":19},"end":{"line":19,"column":42}},"6":{"start":{"line":20,"column":4},"end":{"line":20,"column":23}},"7":{"start":{"line":24,"column":4},"end":{"line":24,"column":62}},"8":{"start":{"line":28,"column":0},"end":{"line":28,"column":48}}},"fnMap":{"0":{"name":"(anonymous_0)","decl":{"start":{"line":4,"column":2},"end":{"line":4,"column":3}},"loc":{"start":{"line":4,"column":24},"end":{"line":11,"column":3}},"line":4},"1":{"name":"(anonymous_1)","decl":{"start":{"line":13,"column":2},"end":{"line":13,"column":3}},"loc":{"start":{"line":13,"column":25},"end":{"line":21,"column":3}},"line":13},"2":{"name":"(anonymous_2)","decl":{"start":{"line":23,"column":2},"end":{"line":23,"column":3}},"loc":{"start":{"line":23,"column":21},"end":{"line":25,"column":3}},"line":23}},"branchMap":{},"s":{"0":1,"1":1,"2":2,"3":2,"4":2,"5":2,"6":2,"7":4,"8":1},"f":{"0":2,"1":2,"2":4},"b":{},"_coverageSchema":"1a1c01bbd47fc00a2c39e90264f33305004495a9","hash":"51e33912d63a1e88fdad122a9f1679f55ab886d7"}
,"/Users/ilmans/Documents/Learning/Expert Backend (dicoding)/Clean-arthitecture/tests/ThreadsTableTestHelper.js": {"path":"/Users/ilmans/Documents/Learning/Expert Backend (dicoding)/Clean-arthitecture/tests/ThreadsTableTestHelper.js","statementMap":{"0":{"start":{"line":1,"column":13},"end":{"line":1,"column":69}},"1":{"start":{"line":3,"column":31},"end":{"line":31,"column":1}},"2":{"start":{"line":10,"column":18},"end":{"line":13,"column":5}},"3":{"start":{"line":15,"column":4},"end":{"line":15,"column":28}},"4":{"start":{"line":19,"column":18},"end":{"line":22,"column":5}},"5":{"start":{"line":24,"column":19},"end":{"line":24,"column":42}},"6":{"start":{"line":25,"column":4},"end":{"line":25,"column":23}},"7":{"start":{"line":29,"column":4},"end":{"line":29,"column":54}},"8":{"start":{"line":33,"column":0},"end":{"line":33,"column":40}}},"fnMap":{"0":{"name":"(anonymous_0)","decl":{"start":{"line":4,"column":2},"end":{"line":4,"column":3}},"loc":{"start":{"line":9,"column":5},"end":{"line":16,"column":3}},"line":9},"1":{"name":"(anonymous_1)","decl":{"start":{"line":18,"column":2},"end":{"line":18,"column":3}},"loc":{"start":{"line":18,"column":27},"end":{"line":26,"column":3}},"line":18},"2":{"name":"(anonymous_2)","decl":{"start":{"line":28,"column":2},"end":{"line":28,"column":3}},"loc":{"start":{"line":28,"column":21},"end":{"line":30,"column":3}},"line":28}},"branchMap":{"0":{"loc":{"start":{"line":5,"column":4},"end":{"line":5,"column":21}},"type":"default-arg","locations":[{"start":{"line":5,"column":9},"end":{"line":5,"column":21}}],"line":5},"1":{"loc":{"start":{"line":6,"column":4},"end":{"line":6,"column":23}},"type":"default-arg","locations":[{"start":{"line":6,"column":12},"end":{"line":6,"column":23}}],"line":6},"2":{"loc":{"start":{"line":7,"column":4},"end":{"line":7,"column":20}},"type":"default-arg","locations":[{"start":{"line":7,"column":11},"end":{"line":7,"column":20}}],"line":7},"3":{"loc":{"start":{"line":8,"column":4},"end":{"line":8,"column":23}},"type":"default-arg","locations":[{"start":{"line":8,"column":13},"end":{"line":8,"column":23}}],"line":8}},"s":{"0":1,"1":1,"2":1,"3":1,"4":1,"5":1,"6":1,"7":2,"8":1},"f":{"0":1,"1":1,"2":2},"b":{"0":[0],"1":[1],"2":[1],"3":[1]},"_coverageSchema":"1a1c01bbd47fc00a2c39e90264f33305004495a9","hash":"979efc2f5c514297d6f5295fb8af4eee608db75e"}
,"/Users/ilmans/Documents/Learning/Expert Backend (dicoding)/Clean-arthitecture/tests/UsersTableTestHelper.js": {"path":"/Users/ilmans/Documents/Learning/Expert Backend (dicoding)/Clean-arthitecture/tests/UsersTableTestHelper.js","statementMap":{"0":{"start":{"line":4,"column":13},"end":{"line":4,"column":69}},"1":{"start":{"line":7,"column":28},"end":{"line":35,"column":1}},"2":{"start":{"line":14,"column":18},"end":{"line":17,"column":5}},"3":{"start":{"line":19,"column":4},"end":{"line":19,"column":28}},"4":{"start":{"line":23,"column":18},"end":{"line":26,"column":5}},"5":{"start":{"line":28,"column":19},"end":{"line":28,"column":42}},"6":{"start":{"line":29,"column":4},"end":{"line":29,"column":23}},"7":{"start":{"line":33,"column":4},"end":{"line":33,"column":52}},"8":{"start":{"line":37,"column":0},"end":{"line":37,"column":37}}},"fnMap":{"0":{"name":"(anonymous_0)","decl":{"start":{"line":8,"column":2},"end":{"line":8,"column":3}},"loc":{"start":{"line":13,"column":5},"end":{"line":20,"column":3}},"line":13},"1":{"name":"(anonymous_1)","decl":{"start":{"line":22,"column":2},"end":{"line":22,"column":3}},"loc":{"start":{"line":22,"column":26},"end":{"line":30,"column":3}},"line":22},"2":{"name":"(anonymous_2)","decl":{"start":{"line":32,"column":2},"end":{"line":32,"column":3}},"loc":{"start":{"line":32,"column":21},"end":{"line":34,"column":3}},"line":32}},"branchMap":{"0":{"loc":{"start":{"line":9,"column":4},"end":{"line":9,"column":19}},"type":"default-arg","locations":[{"start":{"line":9,"column":9},"end":{"line":9,"column":19}}],"line":9},"1":{"loc":{"start":{"line":10,"column":4},"end":{"line":10,"column":25}},"type":"default-arg","locations":[{"start":{"line":10,"column":15},"end":{"line":10,"column":25}}],"line":10},"2":{"loc":{"start":{"line":11,"column":4},"end":{"line":11,"column":23}},"type":"default-arg","locations":[{"start":{"line":11,"column":15},"end":{"line":11,"column":23}}],"line":11},"3":{"loc":{"start":{"line":12,"column":4},"end":{"line":12,"column":35}},"type":"default-arg","locations":[{"start":{"line":12,"column":15},"end":{"line":12,"column":35}}],"line":12}},"s":{"0":3,"1":3,"2":4,"3":4,"4":1,"5":1,"6":1,"7":9,"8":3},"f":{"0":4,"1":1,"2":9},"b":{"0":[2],"1":[2],"2":[4],"3":[4]},"_coverageSchema":"1a1c01bbd47fc00a2c39e90264f33305004495a9","hash":"7ee4fda63a783c5cff193494b7a2d05d82762909"}
}
