TN:
SF:src/Applications/security/AuthTokenManager.js
FN:2,(anonymous_0)
FN:6,(anonymous_1)
FN:10,(anonymous_2)
FN:14,(anonymous_3)
FNF:4
FNH:3
FNDA:1,(anonymous_0)
FNDA:1,(anonymous_1)
FNDA:0,(anonymous_2)
FNDA:1,(anonymous_3)
DA:3,1
DA:7,1
DA:11,0
DA:15,1
DA:19,5
LF:5
LH:4
BRF:0
BRH:0
end_of_record
TN:
SF:src/Applications/security/PasswordHash.js
FN:2,(anonymous_0)
FN:6,(anonymous_1)
FNF:2
FNH:1
FNDA:1,(anonymous_0)
FNDA:0,(anonymous_1)
DA:3,1
DA:7,0
DA:11,6
LF:3
LH:2
BRF:0
BRH:0
end_of_record
TN:
SF:src/Applications/use_case/AddUserUseCase.js
FN:4,(anonymous_0)
FN:9,(anonymous_1)
FNF:2
FNH:2
FNDA:2,(anonymous_0)
FNDA:4,(anonymous_1)
DA:1,3
DA:5,2
DA:6,2
DA:10,4
DA:11,4
DA:12,4
DA:13,4
DA:14,4
DA:18,3
LF:9
LH:9
BRF:0
BRH:0
end_of_record
TN:
SF:src/Applications/use_case/AuthUseCase.js
FN:5,(anonymous_0)
FN:18,(anonymous_1)
FN:32,(anonymous_2)
FN:45,(anonymous_3)
FN:54,(anonymous_4)
FNF:5
FNH:5
FNDA:6,(anonymous_0)
FNDA:4,(anonymous_1)
FNDA:2,(anonymous_2)
FNDA:2,(anonymous_3)
FNDA:4,(anonymous_4)
DA:1,3
DA:2,3
DA:11,6
DA:12,6
DA:13,6
DA:14,6
DA:19,4
DA:20,4
DA:21,4
DA:23,4
DA:24,4
DA:25,4
DA:27,4
DA:28,4
DA:33,2
DA:34,2
DA:36,2
DA:37,1
DA:41,1
DA:46,2
DA:47,2
DA:48,2
DA:49,1
DA:50,1
DA:55,4
DA:56,4
DA:57,0
DA:62,4
DA:63,0
DA:70,3
LF:30
LH:28
BRDA:56,0,0,0
BRDA:56,0,1,4
BRDA:62,1,0,0
BRDA:62,1,1,4
BRF:4
BRH:2
end_of_record
TN:
SF:src/Applications/use_case/ThreadUseCase.js
FN:4,(anonymous_0)
FN:9,(anonymous_1)
FNF:2
FNH:2
FNDA:2,(anonymous_0)
FNDA:4,(anonymous_1)
DA:1,3
DA:5,2
DA:10,4
DA:11,2
DA:17,3
LF:5
LH:5
BRF:0
BRH:0
end_of_record
TN:
SF:src/Commons/config.js
FNF:0
FNH:0
DA:1,6
DA:2,6
DA:4,6
DA:5,6
DA:7,0
DA:10,6
DA:26,6
LF:7
LH:6
BRDA:4,0,0,6
BRDA:4,0,1,0
BRDA:20,1,0,6
BRDA:20,1,1,0
BRDA:22,2,0,0
BRDA:22,2,1,6
BRF:6
BRH:3
end_of_record
TN:
SF:src/Commons/exceptions/AuthenticationError.js
FN:4,(anonymous_0)
FNF:1
FNH:1
FNDA:1,(anonymous_0)
DA:1,4
DA:5,1
DA:6,1
DA:10,4
LF:4
LH:4
BRF:0
BRH:0
end_of_record
TN:
SF:src/Commons/exceptions/ClientError.js
FN:2,(anonymous_0)
FNF:1
FNH:1
FNDA:38,(anonymous_0)
DA:3,38
DA:5,38
DA:6,1
DA:9,37
DA:10,37
DA:14,12
LF:6
LH:6
BRDA:2,0,0,36
BRDA:5,1,0,1
BRDA:5,1,1,37
BRF:3
BRH:3
end_of_record
TN:
SF:src/Commons/exceptions/DomainErrorTranslator.js
FN:4,(anonymous_0)
FNF:1
FNH:1
FNDA:10,(anonymous_0)
DA:1,3
DA:3,3
DA:5,10
DA:9,3
DA:41,3
LF:5
LH:5
BRDA:5,0,0,10
BRDA:5,0,1,4
BRF:2
BRH:2
end_of_record
TN:
SF:src/Commons/exceptions/InvariantError.js
FN:4,(anonymous_0)
FNF:1
FNH:1
FNDA:35,(anonymous_0)
DA:1,8
DA:5,35
DA:7,35
DA:11,8
LF:4
LH:4
BRF:0
BRH:0
end_of_record
TN:
SF:src/Commons/exceptions/NotFoundError.js
FN:4,(anonymous_0)
FNF:1
FNH:1
FNDA:1,(anonymous_0)
DA:1,1
DA:5,1
DA:6,1
DA:10,1
LF:4
LH:4
BRF:0
BRH:0
end_of_record
TN:
SF:src/Domains/authentication/AuthenticationRepository.js
FN:2,(anonymous_0)
FN:6,(anonymous_1)
FN:10,(anonymous_2)
FNF:3
FNH:0
FNDA:0,(anonymous_0)
FNDA:0,(anonymous_1)
FNDA:0,(anonymous_2)
DA:3,0
DA:7,0
DA:11,0
DA:15,4
LF:4
LH:1
BRF:0
BRH:0
end_of_record
TN:
SF:src/Domains/comments/CommentRepository.js
FN:2,(anonymous_0)
FNF:1
FNH:1
FNDA:1,(anonymous_0)
DA:3,1
DA:7,2
LF:2
LH:2
BRF:0
BRH:0
end_of_record
TN:
SF:src/Domains/threads/ThreadRepository.js
FN:2,(anonymous_0)
FN:6,(anonymous_1)
FNF:2
FNH:2
FNDA:1,(anonymous_0)
FNDA:1,(anonymous_1)
DA:3,1
DA:7,1
DA:10,5
LF:3
LH:3
BRF:0
BRH:0
end_of_record
TN:
SF:src/Domains/threads/entities/NewThread.js
FN:2,(anonymous_0)
FN:10,(anonymous_1)
FNF:2
FNH:2
FNDA:9,(anonymous_0)
FNDA:9,(anonymous_1)
DA:3,9
DA:4,5
DA:6,5
DA:7,5
DA:11,9
DA:12,9
DA:13,2
DA:16,7
DA:17,2
DA:22,5
LF:10
LH:10
BRDA:12,0,0,2
BRDA:12,0,1,7
BRDA:12,1,0,9
BRDA:12,1,1,9
BRDA:16,2,0,2
BRDA:16,2,1,5
BRDA:16,3,0,7
BRDA:16,3,1,5
BRF:8
BRH:8
end_of_record
TN:
SF:src/Domains/threads/entities/RegisteredThread.js
FN:2,(anonymous_0)
FNF:1
FNH:1
FNDA:2,(anonymous_0)
DA:3,2
DA:4,2
DA:5,2
DA:6,2
DA:7,2
DA:13,3
LF:6
LH:6
BRF:0
BRH:0
end_of_record
TN:
SF:src/Domains/users/UserRepository.js
FN:2,(anonymous_0)
FN:6,(anonymous_1)
FN:10,(anonymous_2)
FNF:3
FNH:2
FNDA:1,(anonymous_0)
FNDA:1,(anonymous_1)
FNDA:0,(anonymous_2)
DA:3,1
DA:7,1
DA:11,0
DA:15,6
LF:4
LH:3
BRF:0
BRH:0
end_of_record
TN:
SF:src/Domains/users/entities/RegisterUser.js
FN:2,(anonymous_0)
FN:9,(anonymous_1)
FNF:2
FNH:2
FNDA:12,(anonymous_0)
FNDA:12,(anonymous_1)
DA:3,12
DA:4,8
DA:5,8
DA:6,8
DA:10,12
DA:11,1
DA:14,11
DA:19,1
DA:22,10
DA:23,1
DA:26,9
DA:27,1
DA:32,5
LF:13
LH:13
BRDA:10,0,0,1
BRDA:10,0,1,11
BRDA:10,1,0,12
BRDA:10,1,1,12
BRDA:10,1,2,12
BRDA:14,2,0,1
BRDA:14,2,1,10
BRDA:15,3,0,11
BRDA:15,3,1,10
BRDA:15,3,2,10
BRDA:22,4,0,1
BRDA:22,4,1,9
BRDA:26,5,0,1
BRDA:26,5,1,8
BRF:14
BRH:14
end_of_record
TN:
SF:src/Domains/users/entities/RegisteredUser.js
FN:2,(anonymous_0)
FN:12,(anonymous_1)
FNF:2
FNH:2
FNDA:11,(anonymous_0)
FNDA:11,(anonymous_1)
DA:3,11
DA:5,9
DA:7,9
DA:8,9
DA:9,9
DA:13,11
DA:14,1
DA:17,10
DA:22,1
DA:27,5
LF:10
LH:10
BRDA:13,0,0,1
BRDA:13,0,1,10
BRDA:13,1,0,11
BRDA:13,1,1,10
BRDA:13,1,2,10
BRDA:17,2,0,1
BRDA:17,2,1,9
BRDA:18,3,0,10
BRDA:18,3,1,9
BRDA:18,3,2,9
BRF:10
BRH:10
end_of_record
TN:
SF:src/Domains/users/entities/UserLogin.js
FN:2,(anonymous_0)
FN:9,(anonymous_1)
FNF:2
FNH:2
FNDA:7,(anonymous_0)
FNDA:7,(anonymous_1)
DA:3,7
DA:5,5
DA:6,5
DA:10,7
DA:12,7
DA:13,1
DA:16,6
DA:17,1
DA:22,4
LF:9
LH:9
BRDA:12,0,0,1
BRDA:12,0,1,6
BRDA:12,1,0,7
BRDA:12,1,1,7
BRDA:16,2,0,1
BRDA:16,2,1,5
BRDA:16,3,0,6
BRDA:16,3,1,6
BRF:8
BRH:8
end_of_record
TN:
SF:src/Infrastructures/container.js
FNF:0
FNH:0
DA:1,2
DA:4,2
DA:5,2
DA:6,2
DA:7,2
DA:9,2
DA:10,2
DA:13,2
DA:14,2
DA:15,2
DA:16,2
DA:18,2
DA:19,2
DA:20,2
DA:21,2
DA:22,2
DA:23,2
DA:24,2
DA:26,2
DA:28,2
DA:92,2
DA:150,2
LF:22
LH:22
BRF:0
BRH:0
end_of_record
TN:
SF:src/Infrastructures/database/postgres/pool.js
FNF:0
FNH:0
DA:1,6
DA:2,6
DA:4,6
DA:6,6
LF:4
LH:4
BRF:0
BRH:0
end_of_record
TN:
SF:src/Infrastructures/http/createServer.js
FN:8,(anonymous_0)
FN:28,(anonymous_1)
FN:52,(anonymous_2)
FNF:3
FNH:3
FNDA:6,(anonymous_0)
FNDA:3,(anonymous_1)
FNDA:12,(anonymous_2)
DA:1,2
DA:2,2
DA:3,2
DA:4,2
DA:5,2
DA:6,2
DA:7,2
DA:8,2
DA:9,6
DA:14,6
DA:20,6
DA:28,3
DA:37,6
DA:52,6
DA:54,12
DA:56,12
DA:58,5
DA:61,5
DA:62,2
DA:66,2
DA:67,2
DA:71,3
DA:72,2
DA:75,1
DA:77,1
DA:81,1
DA:82,1
DA:86,7
DA:89,6
DA:92,2
LF:30
LH:30
BRDA:56,0,0,5
BRDA:56,0,1,7
BRDA:61,1,0,2
BRDA:61,1,1,3
BRDA:71,2,0,2
BRDA:71,2,1,1
BRF:6
BRH:6
end_of_record
TN:
SF:src/Infrastructures/repository/AuthenticationRepositoryPostgres.js
FN:5,(anonymous_0)
FN:10,(anonymous_1)
FN:18,(anonymous_2)
FN:30,(anonymous_3)
FNF:4
FNH:4
FNDA:5,(anonymous_0)
FNDA:4,(anonymous_1)
FNDA:2,(anonymous_2)
FNDA:1,(anonymous_3)
DA:1,3
DA:2,3
DA:6,5
DA:7,5
DA:11,4
DA:15,4
DA:19,2
DA:23,2
DA:25,2
DA:26,1
DA:31,1
DA:35,1
DA:39,3
LF:13
LH:13
BRDA:25,0,0,1
BRDA:25,0,1,1
BRF:2
BRH:2
end_of_record
TN:
SF:src/Infrastructures/repository/CommentRepositoryPostgres.js
FN:4,(anonymous_0)
FN:10,(anonymous_1)
FNF:2
FNH:2
FNDA:1,(anonymous_0)
FNDA:1,(anonymous_1)
DA:1,1
DA:5,1
DA:6,1
DA:7,1
DA:11,1
DA:12,1
DA:13,1
DA:18,1
DA:20,1
DA:24,1
LF:10
LH:10
BRDA:15,0,0,1
BRDA:15,0,1,0
BRF:2
BRH:1
end_of_record
TN:
SF:src/Infrastructures/repository/ThreadRepositoryPostgres.js
FN:5,(anonymous_0)
FN:11,(anonymous_1)
FN:23,(anonymous_2)
FNF:3
FNH:2
FNDA:2,(anonymous_0)
FNDA:2,(anonymous_1)
FNDA:0,(anonymous_2)
DA:1,3
DA:2,3
DA:6,2
DA:7,2
DA:8,2
DA:12,2
DA:13,2
DA:14,2
DA:19,2
DA:20,2
DA:24,0
DA:28,0
DA:29,0
DA:33,3
LF:14
LH:11
BRF:0
BRH:0
end_of_record
TN:
SF:src/Infrastructures/repository/UserRepositoryPostgres.js
FN:6,(anonymous_0)
FN:12,(anonymous_1)
FN:24,(anonymous_2)
FN:37,(anonymous_3)
FNF:4
FNH:4
FNDA:6,(anonymous_0)
FNDA:5,(anonymous_1)
FNDA:5,(anonymous_2)
FNDA:4,(anonymous_3)
DA:1,3
DA:2,3
DA:3,3
DA:7,6
DA:8,6
DA:9,6
DA:13,5
DA:18,5
DA:19,5
DA:20,1
DA:25,5
DA:26,5
DA:28,5
DA:33,5
DA:34,5
DA:38,4
DA:42,4
DA:44,4
DA:45,0
DA:47,4
DA:51,3
LF:21
LH:20
BRDA:19,0,0,1
BRDA:19,0,1,4
BRDA:44,1,0,0
BRDA:44,1,1,4
BRF:4
BRH:3
end_of_record
TN:
SF:src/Infrastructures/security/BcryptPasswordHash.js
FN:5,(anonymous_0)
FN:11,(anonymous_1)
FN:15,(anonymous_2)
FNF:3
FNH:3
FNDA:2,(anonymous_0)
FNDA:4,(anonymous_1)
FNDA:3,(anonymous_2)
DA:1,3
DA:2,3
DA:6,2
DA:7,2
DA:8,2
DA:12,4
DA:16,3
DA:17,3
DA:18,0
DA:23,3
LF:10
LH:9
BRDA:5,0,0,2
BRDA:17,1,0,0
BRDA:17,1,1,3
BRF:3
BRH:2
end_of_record
TN:
SF:src/Infrastructures/security/JwtAuthTokenManager.js
FN:5,(anonymous_0)
FN:10,(anonymous_1)
FN:14,(anonymous_2)
FN:18,(anonymous_3)
FN:28,(anonymous_4)
FN:37,(anonymous_5)
FNF:6
FNH:5
FNDA:6,(anonymous_0)
FNDA:5,(anonymous_1)
FNDA:5,(anonymous_2)
FNDA:0,(anonymous_3)
FNDA:2,(anonymous_4)
FNDA:1,(anonymous_5)
DA:1,3
DA:2,3
DA:6,6
DA:7,6
DA:11,5
DA:15,5
DA:19,0
DA:20,0
DA:21,0
DA:22,0
DA:24,0
DA:29,2
DA:30,2
DA:31,2
DA:33,1
DA:38,1
DA:39,1
DA:43,3
LF:18
LH:13
BRF:0
BRH:0
end_of_record
TN:
SF:src/Interfaces/http/api/authentications/handler.js
FN:4,(anonymous_0)
FN:12,(anonymous_1)
FN:28,(anonymous_2)
FN:41,(anonymous_3)
FNF:4
FNH:2
FNDA:6,(anonymous_0)
FNDA:3,(anonymous_1)
FNDA:0,(anonymous_2)
FNDA:0,(anonymous_3)
DA:1,2
DA:5,6
DA:7,6
DA:8,6
DA:9,6
DA:13,3
DA:14,3
DA:17,3
DA:24,3
DA:25,3
DA:29,0
DA:30,0
DA:31,0
DA:37,0
DA:38,0
DA:42,0
DA:43,0
DA:45,0
DA:50,0
DA:51,0
DA:55,2
LF:21
LH:11
BRF:0
BRH:0
end_of_record
TN:
SF:src/Interfaces/http/api/authentications/index.js
FN:6,(anonymous_0)
FNF:1
FNH:1
FNDA:6,(anonymous_0)
DA:1,2
DA:2,2
DA:4,2
DA:7,6
DA:8,6
LF:5
LH:5
BRF:0
BRH:0
end_of_record
TN:
SF:src/Interfaces/http/api/authentications/routes.js
FN:1,(anonymous_0)
FNF:1
FNH:1
FNDA:6,(anonymous_0)
DA:1,6
DA:20,2
LF:2
LH:2
BRF:0
BRH:0
end_of_record
TN:
SF:src/Interfaces/http/api/threads/handler.js
FN:4,(anonymous_0)
FN:10,(anonymous_1)
FNF:2
FNH:2
FNDA:6,(anonymous_0)
FNDA:3,(anonymous_1)
DA:1,2
DA:5,6
DA:7,6
DA:11,3
DA:12,3
DA:17,1
DA:23,1
DA:24,1
DA:28,2
LF:9
LH:9
BRF:0
BRH:0
end_of_record
TN:
SF:src/Interfaces/http/api/threads/index.js
FN:6,(anonymous_0)
FNF:1
FNH:1
FNDA:6,(anonymous_0)
DA:1,2
DA:2,2
DA:4,2
DA:7,6
DA:8,6
LF:5
LH:5
BRF:0
BRH:0
end_of_record
TN:
SF:src/Interfaces/http/api/threads/routes.js
FN:1,(anonymous_0)
FNF:1
FNH:1
FNDA:6,(anonymous_0)
DA:1,6
DA:12,2
LF:2
LH:2
BRF:0
BRH:0
end_of_record
TN:
SF:src/Interfaces/http/api/users/handler.js
FN:4,(anonymous_0)
FN:10,(anonymous_1)
FNF:2
FNH:2
FNDA:6,(anonymous_0)
FNDA:4,(anonymous_1)
DA:1,2
DA:5,6
DA:7,6
DA:11,4
DA:12,3
DA:13,3
DA:19,3
DA:20,3
DA:24,2
LF:9
LH:9
BRF:0
BRH:0
end_of_record
TN:
SF:src/Interfaces/http/api/users/index.js
FN:6,(anonymous_0)
FNF:1
FNH:1
FNDA:6,(anonymous_0)
DA:1,2
DA:2,2
DA:4,2
DA:7,6
DA:8,6
LF:5
LH:5
BRF:0
BRH:0
end_of_record
TN:
SF:src/Interfaces/http/api/users/routes.js
FN:1,(anonymous_0)
FNF:1
FNH:1
FNDA:6,(anonymous_0)
DA:1,6
DA:9,2
LF:2
LH:2
BRF:0
BRH:0
end_of_record
TN:
SF:tests/AuthenticationsTableTestHelper.js
FN:4,(anonymous_0)
FN:13,(anonymous_1)
FN:23,(anonymous_2)
FNF:3
FNH:3
FNDA:2,(anonymous_0)
FNDA:2,(anonymous_1)
FNDA:16,(anonymous_2)
DA:1,2
DA:3,2
DA:5,2
DA:10,2
DA:14,2
DA:19,2
DA:20,2
DA:24,16
DA:28,2
LF:9
LH:9
BRF:0
BRH:0
end_of_record
TN:
SF:tests/ThreadsTableTestHelper.js
FN:4,(anonymous_0)
FN:19,(anonymous_1)
FN:29,(anonymous_2)
FNF:3
FNH:3
FNDA:1,(anonymous_0)
FNDA:1,(anonymous_1)
FNDA:12,(anonymous_2)
DA:1,3
DA:3,3
DA:10,1
DA:15,1
DA:20,1
DA:25,1
DA:26,1
DA:30,12
DA:34,3
LF:9
LH:9
BRDA:5,0,0,0
BRDA:6,1,0,1
BRDA:7,2,0,1
BRDA:8,3,0,0
BRF:4
BRH:2
end_of_record
TN:
SF:tests/UsersTableTestHelper.js
FN:8,(anonymous_0)
FN:23,(anonymous_1)
FN:33,(anonymous_2)
FNF:3
FNH:3
FNDA:4,(anonymous_0)
FNDA:1,(anonymous_1)
FNDA:26,(anonymous_2)
DA:4,5
DA:7,5
DA:14,4
DA:19,4
DA:20,4
DA:24,1
DA:29,1
DA:30,1
DA:34,26
DA:38,5
LF:10
LH:10
BRDA:9,0,0,0
BRDA:10,1,0,1
BRDA:11,2,0,4
BRDA:12,3,0,4
BRF:4
BRH:3
end_of_record
